

> @zennui/web@0.0.1 lint
> biome check --fix --unsafe .

[1G[0K[0m./src/chart/chart.tsx[0m[0m:[0m[0m80[0m[0m:[0m[0m7[0m[0m [0m[0m]8;;https://biomejs.dev/linter/rules/no-dangerously-set-inner-html\lint/security/noDangerouslySetInnerHtml]8;;\[0m[0m [0m[0mâ”â”â”â”â”â”â”â”â”â”â”â”â”â”â”â”â”â”â”â”â”â”â”â”â”â”â”â”â”â”â”â”â”[0m[0m

[0m[0m  [0m[0m[1m[31mâœ–[0m[0m [0m[0m[31mAvoid passing content using the [0m[0m[1m[31mdangerouslySetInnerHTML[0m[0m[31m prop.[0m[0m
[0m[0m  [0m[0m
[0m[0m  [0m[0m  [0m[0m[1m78 â”‚ [0m[0m [0m[0m [0m[0mr[0m[0me[0m[0mt[0m[0mu[0m[0mr[0m[0mn[0m[0m [0m[0m([0m[0m
[0m[0m  [0m[0m  [0m[0m[1m79 â”‚ [0m[0m [0m[0m [0m[0m [0m[0m [0m[0m<[0m[0ms[0m[0mt[0m[0my[0m[0ml[0m[0me[0m[0m
[0m[0m  [0m[0m[1m[31m>[0m[0m [0m[0m[1m80 â”‚ [0m[0m [0m[0m [0m[0m [0m[0m [0m[0m [0m[0m [0m[0md[0m[0ma[0m[0mn[0m[0mg[0m[0me[0m[0mr[0m[0mo[0m[0mu[0m[0ms[0m[0ml[0m[0my[0m[0mS[0m[0me[0m[0mt[0m[0mI[0m[0mn[0m[0mn[0m[0me[0m[0mr[0m[0mH[0m[0mT[0m[0mM[0m[0mL[0m[0m=[0m[0m{[0m[0m{[0m[0m
[0m[0m  [0m[0m [0m[0m [0m[0m[1m   â”‚ [0m[0m [0m[0m [0m[0m [0m[0m [0m[0m [0m[0m [0m[0m[1m[31m^[0m[0m[1m[31m^[0m[0m[1m[31m^[0m[0m[1m[31m^[0m[0m[1m[31m^[0m[0m[1m[31m^[0m[0m[1m[31m^[0m[0m[1m[31m^[0m[0m[1m[31m^[0m[0m[1m[31m^[0m[0m[1m[31m^[0m[0m[1m[31m^[0m[0m[1m[31m^[0m[0m[1m[31m^[0m[0m[1m[31m^[0m[0m[1m[31m^[0m[0m[1m[31m^[0m[0m[1m[31m^[0m[0m[1m[31m^[0m[0m[1m[31m^[0m[0m[1m[31m^[0m[0m[1m[31m^[0m[0m[1m[31m^[0m[0m
[0m[0m  [0m[0m  [0m[0m[1m81 â”‚ [0m[0m [0m[0m [0m[0m [0m[0m [0m[0m [0m[0m [0m[0m [0m[0m [0m[0m_[0m[0m_[0m[0mh[0m[0mt[0m[0mm[0m[0ml[0m[0m:[0m[0m [0m[0mO[0m[0mb[0m[0mj[0m[0me[0m[0mc[0m[0mt[0m[0m.[0m[0me[0m[0mn[0m[0mt[0m[0mr[0m[0mi[0m[0me[0m[0ms[0m[0m([0m[0mT[0m[0mH[0m[0mE[0m[0mM[0m[0mE[0m[0mS[0m[0m)[0m[0m
[0m[0m  [0m[0m  [0m[0m[1m82 â”‚ [0m[0m [0m[0m [0m[0m [0m[0m [0m[0m [0m[0m [0m[0m [0m[0m [0m[0m [0m[0m [0m[0m.[0m[0mm[0m[0ma[0m[0mp[0m[0m([0m[0m
[0m[0m  [0m[0m
[0m[0m  [0m[0m[1m[33mâš [0m[0m [0m[0m[33mSetting content using code can expose users to cross-site scripting (XSS) attacks[0m[0m
[0m[0m  [0m[0m
[0m
[0m./src/multi-select.tsx[0m[0m:[0m[0m91[0m[0m:[0m[0m32[0m[0m [0m[0m]8;;https://biomejs.dev/linter/rules/use-exhaustive-dependencies\lint/correctness/useExhaustiveDependencies]8;;\[0m[0m [0m[0mâ”â”â”â”â”â”â”â”â”â”â”â”â”â”â”â”â”â”â”â”â”â”â”â”â”â”â”â”[0m[0m

[0m[0m  [0m[0m[1m[31mâœ–[0m[0m [0m[0m[31mThis hook does not specify all of its dependencies: onValueChange[0m[0m
[0m[0m  [0m[0m
[0m[0m  [0m[0m  [0m[0m[1m89 â”‚ [0m[0m [0m[0m [0m[0mc[0m[0mo[0m[0mn[0m[0ms[0m[0mt[0m[0m [0m[0m[[0m[0ms[0m[0me[0m[0ml[0m[0me[0m[0mc[0m[0mt[0m[0me[0m[0md[0m[0mV[0m[0ma[0m[0ml[0m[0mu[0m[0me[0m[0m,[0m[0m [0m[0ms[0m[0me[0m[0mt[0m[0mS[0m[0me[0m[0ml[0m[0me[0m[0mc[0m[0mt[0m[0me[0m[0md[0m[0mV[0m[0ma[0m[0ml[0m[0mu[0m[0me[0m[0m][0m[0m [0m[0m=[0m[0m [0m[0mR[0m[0me[0m[0ma[0m[0mc[0m[0mt[0m[0m.[0m[0mu[0m[0ms[0m[0me[0m[0mS[0m[0mt[0m[0ma[0m[0mt[0m[0me[0m[0m([0m[0m"[0m[0m"[0m[0m)[0m[0m;[0m[0m
[0m[0m  [0m[0m  [0m[0m[1m90 â”‚ [0m[0m
[0m[0m  [0m[0m[1m[31m>[0m[0m [0m[0m[1m91 â”‚ [0m[0m [0m[0m [0m[0mc[0m[0mo[0m[0mn[0m[0ms[0m[0mt[0m[0m [0m[0mo[0m[0mn[0m[0mV[0m[0ma[0m[0ml[0m[0mu[0m[0me[0m[0mC[0m[0mh[0m[0ma[0m[0mn[0m[0mg[0m[0me[0m[0mH[0m[0ma[0m[0mn[0m[0md[0m[0ml[0m[0me[0m[0mr[0m[0m [0m[0m=[0m[0m [0m[0mu[0m[0ms[0m[0me[0m[0mC[0m[0ma[0m[0ml[0m[0ml[0m[0mb[0m[0ma[0m[0mc[0m[0mk[0m[0m([0m[0m
[0m[0m  [0m[0m [0m[0m [0m[0m[1m   â”‚ [0m[0m [0m[0m [0m[0m [0m[0m [0m[0m [0m[0m [0m[0m [0m[0m [0m[0m [0m[0m [0m[0m [0m[0m [0m[0m [0m[0m [0m[0m [0m[0m [0m[0m [0m[0m [0m[0m [0m[0m [0m[0m [0m[0m [0m[0m [0m[0m [0m[0m [0m[0m [0m[0m [0m[0m [0m[0m [0m[0m [0m[0m [0m[0m[1m[31m^[0m[0m[1m[31m^[0m[0m[1m[31m^[0m[0m[1m[31m^[0m[0m[1m[31m^[0m[0m[1m[31m^[0m[0m[1m[31m^[0m[0m[1m[31m^[0m[0m[1m[31m^[0m[0m[1m[31m^[0m[0m[1m[31m^[0m[0m
[0m[0m  [0m[0m  [0m[0m[1m92 â”‚ [0m[0m [0m[0m [0m[0m [0m[0m [0m[0m([0m[0mv[0m[0ma[0m[0ml[0m[0m:[0m[0m [0m[0ms[0m[0mt[0m[0mr[0m[0mi[0m[0mn[0m[0mg[0m[0m)[0m[0m [0m[0m=[0m[0m>[0m[0m [0m[0m{[0m[0m
[0m[0m  [0m[0m  [0m[0m[1m93 â”‚ [0m[0m [0m[0m [0m[0m [0m[0m [0m[0m [0m[0m [0m[0mi[0m[0mf[0m[0m [0m[0m([0m[0mv[0m[0ma[0m[0ml[0m[0mu[0m[0me[0m[0m.[0m[0mi[0m[0mn[0m[0mc[0m[0ml[0m[0mu[0m[0md[0m[0me[0m[0ms[0m[0m([0m[0mv[0m[0ma[0m[0ml[0m[0m)[0m[0m)[0m[0m [0m[0m{[0m[0m
[0m[0m  [0m[0m
[0m[0m  [0m[0m[1m[34mâ„¹[0m[0m [0m[0m[34mThis dependency is not specified in the hook dependency list.[0m[0m
[0m[0m  [0m[0m
[0m[0m  [0m[0m  [0m[0m[1m94 â”‚ [0m[0m [0m[0m [0m[0m [0m[0m [0m[0m [0m[0m [0m[0m [0m[0m [0m[0mo[0m[0mn[0m[0mV[0m[0ma[0m[0ml[0m[0mu[0m[0me[0m[0mC[0m[0mh[0m[0ma[0m[0mn[0m[0mg[0m[0me[0m[0m?[0m[0m.[0m[0m([0m[0mv[0m[0ma[0m[0ml[0m[0mu[0m[0me[0m[0m.[0m[0mf[0m[0mi[0m[0ml[0m[0mt[0m[0me[0m[0mr[0m[0m([0m[0m([0m[0mi[0m[0mt[0m[0me[0m[0mm[0m[0m)[0m[0m [0m[0m=[0m[0m>[0m[0m [0m[0mi[0m[0mt[0m[0me[0m[0mm[0m[0m [0m[0m![0m[0m=[0m[0m=[0m[0m [0m[0mv[0m[0ma[0m[0ml[0m[0m)[0m[0m)[0m[0m;[0m[0m
[0m[0m  [0m[0m  [0m[0m[1m95 â”‚ [0m[0m [0m[0m [0m[0m [0m[0m [0m[0m [0m[0m [0m[0m}[0m[0m [0m[0me[0m[0ml[0m[0ms[0m[0me[0m[0m [0m[0m{[0m[0m
[0m[0m  [0m[0m[1m[31m>[0m[0m [0m[0m[1m96 â”‚ [0m[0m [0m[0m [0m[0m [0m[0m [0m[0m [0m[0m [0m[0m [0m[0m [0m[0mo[0m[0mn[0m[0mV[0m[0ma[0m[0ml[0m[0mu[0m[0me[0m[0mC[0m[0mh[0m[0ma[0m[0mn[0m[0mg[0m[0me[0m[0m?[0m[0m.[0m[0m([0m[0m[[0m[0m.[0m[0m.[0m[0m.[0m[0mv[0m[0ma[0m[0ml[0m[0mu[0m[0me[0m[0m,[0m[0m [0m[0mv[0m[0ma[0m[0ml[0m[0m][0m[0m)[0m[0m;[0m[0m
[0m[0m  [0m[0m [0m[0m [0m[0m[1m   â”‚ [0m[0m [0m[0m [0m[0m [0m[0m [0m[0m [0m[0m [0m[0m [0m[0m [0m[0m[1m[31m^[0m[0m[1m[31m^[0m[0m[1m[31m^[0m[0m[1m[31m^[0m[0m[1m[31m^[0m[0m[1m[31m^[0m[0m[1m[31m^[0m[0m[1m[31m^[0m[0m[1m[31m^[0m[0m[1m[31m^[0m[0m[1m[31m^[0m[0m[1m[31m^[0m[0m[1m[31m^[0m[0m
[0m[0m  [0m[0m  [0m[0m[1m97 â”‚ [0m[0m [0m[0m [0m[0m [0m[0m [0m[0m [0m[0m [0m[0m}[0m[0m
[0m[0m  [0m[0m  [0m[0m[1m98 â”‚ [0m[0m [0m[0m [0m[0m [0m[0m [0m[0m}[0m[0m,[0m[0m
[0m[0m  [0m[0m
[0m[0m  [0m[0m[1m[34mâ„¹[0m[0m [0m[0m[34mThis dependency is not specified in the hook dependency list.[0m[0m
[0m[0m  [0m[0m
[0m[0m  [0m[0m  [0m[0m[1m92 â”‚ [0m[0m [0m[0m [0m[0m [0m[0m [0m[0m([0m[0mv[0m[0ma[0m[0ml[0m[0m:[0m[0m [0m[0ms[0m[0mt[0m[0mr[0m[0mi[0m[0mn[0m[0mg[0m[0m)[0m[0m [0m[0m=[0m[0m>[0m[0m [0m[0m{[0m[0m
[0m[0m  [0m[0m  [0m[0m[1m93 â”‚ [0m[0m [0m[0m [0m[0m [0m[0m [0m[0m [0m[0m [0m[0mi[0m[0mf[0m[0m [0m[0m([0m[0mv[0m[0ma[0m[0ml[0m[0mu[0m[0me[0m[0m.[0m[0mi[0m[0mn[0m[0mc[0m[0ml[0m[0mu[0m[0md[0m[0me[0m[0ms[0m[0m([0m[0mv[0m[0ma[0m[0ml[0m[0m)[0m[0m)[0m[0m [0m[0m{[0m[0m
[0m[0m  [0m[0m[1m[31m>[0m[0m [0m[0m[1m94 â”‚ [0m[0m [0m[0m [0m[0m [0m[0m [0m[0m [0m[0m [0m[0m [0m[0m [0m[0mo[0m[0mn[0m[0mV[0m[0ma[0m[0ml[0m[0mu[0m[0me[0m[0mC[0m[0mh[0m[0ma[0m[0mn[0m[0mg[0m[0me[0m[0m?[0m[0m.[0m[0m([0m[0mv[0m[0ma[0m[0ml[0m[0mu[0m[0me[0m[0m.[0m[0mf[0m[0mi[0m[0ml[0m[0mt[0m[0me[0m[0mr[0m[0m([0m[0m([0m[0mi[0m[0mt[0m[0me[0m[0mm[0m[0m)[0m[0m [0m[0m=[0m[0m>[0m[0m [0m[0mi[0m[0mt[0m[0me[0m[0mm[0m[0m [0m[0m![0m[0m=[0m[0m=[0m[0m [0m[0mv[0m[0ma[0m[0ml[0m[0m)[0m[0m)[0m[0m;[0m[0m
[0m[0m  [0m[0m [0m[0m [0m[0m[1m   â”‚ [0m[0m [0m[0m [0m[0m [0m[0m [0m[0m [0m[0m [0m[0m [0m[0m [0m[0m[1m[31m^[0m[0m[1m[31m^[0m[0m[1m[31m^[0m[0m[1m[31m^[0m[0m[1m[31m^[0m[0m[1m[31m^[0m[0m[1m[31m^[0m[0m[1m[31m^[0m[0m[1m[31m^[0m[0m[1m[31m^[0m[0m[1m[31m^[0m[0m[1m[31m^[0m[0m[1m[31m^[0m[0m
[0m[0m  [0m[0m  [0m[0m[1m95 â”‚ [0m[0m [0m[0m [0m[0m [0m[0m [0m[0m [0m[0m [0m[0m}[0m[0m [0m[0me[0m[0ml[0m[0ms[0m[0me[0m[0m [0m[0m{[0m[0m
[0m[0m  [0m[0m  [0m[0m[1m96 â”‚ [0m[0m [0m[0m [0m[0m [0m[0m [0m[0m [0m[0m [0m[0m [0m[0m [0m[0mo[0m[0mn[0m[0mV[0m[0ma[0m[0ml[0m[0mu[0m[0me[0m[0mC[0m[0mh[0m[0ma[0m[0mn[0m[0mg[0m[0me[0m[0m?[0m[0m.[0m[0m([0m[0m[[0m[0m.[0m[0m.[0m[0m.[0m[0mv[0m[0ma[0m[0ml[0m[0mu[0m[0me[0m[0m,[0m[0m [0m[0mv[0m[0ma[0m[0ml[0m[0m][0m[0m)[0m[0m;[0m[0m
[0m[0m  [0m[0m
[0m
[0m./src/multi-select.tsx[0m[0m:[0m[0m117[0m[0m:[0m[0m25[0m[0m [0m[0m]8;;https://biomejs.dev/linter/rules/use-exhaustive-dependencies\lint/correctness/useExhaustiveDependencies]8;;\[0m[0m [0m[0mâ”â”â”â”â”â”â”â”â”â”â”â”â”â”â”â”â”â”â”â”â”â”â”â”â”â”â”[0m[0m

[0m[0m  [0m[0m[1m[31mâœ–[0m[0m [0m[0m[31mThis hook does not specify all of its dependencies: dir[0m[0m
[0m[0m  [0m[0m
[0m[0m  [0m[0m  [0m[0m[1m115 â”‚ [0m[0m [0m[0m [0m[0m)[0m[0m;[0m[0m
[0m[0m  [0m[0m  [0m[0m[1m116 â”‚ [0m[0m
[0m[0m  [0m[0m[1m[31m>[0m[0m [0m[0m[1m117 â”‚ [0m[0m [0m[0m [0m[0mc[0m[0mo[0m[0mn[0m[0ms[0m[0mt[0m[0m [0m[0mh[0m[0ma[0m[0mn[0m[0md[0m[0ml[0m[0me[0m[0mK[0m[0me[0m[0my[0m[0mD[0m[0mo[0m[0mw[0m[0mn[0m[0m [0m[0m=[0m[0m [0m[0mu[0m[0ms[0m[0me[0m[0mC[0m[0ma[0m[0ml[0m[0ml[0m[0mb[0m[0ma[0m[0mc[0m[0mk[0m[0m([0m[0m
[0m[0m  [0m[0m [0m[0m [0m[0m [0m[0m[1m   â”‚ [0m[0m [0m[0m [0m[0m [0m[0m [0m[0m [0m[0m [0m[0m [0m[0m [0m[0m [0m[0m [0m[0m [0m[0m [0m[0m [0m[0m [0m[0m [0m[0m [0m[0m [0m[0m [0m[0m [0m[0m [0m[0m [0m[0m [0m[0m [0m[0m [0m[0m[1m[31m^[0m[0m[1m[31m^[0m[0m[1m[31m^[0m[0m[1m[31m^[0m[0m[1m[31m^[0m[0m[1m[31m^[0m[0m[1m[31m^[0m[0m[1m[31m^[0m[0m[1m[31m^[0m[0m[1m[31m^[0m[0m[1m[31m^[0m[0m
[0m[0m  [0m[0m  [0m[0m[1m118 â”‚ [0m[0m [0m[0m [0m[0m [0m[0m [0m[0m([0m[0me[0m[0m:[0m[0m [0m[0mK[0m[0me[0m[0my[0m[0mb[0m[0mo[0m[0ma[0m[0mr[0m[0md[0m[0mE[0m[0mv[0m[0me[0m[0mn[0m[0mt[0m[0m<[0m[0mH[0m[0mT[0m[0mM[0m[0mL[0m[0mD[0m[0mi[0m[0mv[0m[0mE[0m[0ml[0m[0me[0m[0mm[0m[0me[0m[0mn[0m[0mt[0m[0m>[0m[0m)[0m[0m [0m[0m=[0m[0m>[0m[0m [0m[0m{[0m[0m
[0m[0m  [0m[0m  [0m[0m[1m119 â”‚ [0m[0m [0m[0m [0m[0m [0m[0m [0m[0m [0m[0m [0m[0me[0m[0m.[0m[0ms[0m[0mt[0m[0mo[0m[0mp[0m[0mP[0m[0mr[0m[0mo[0m[0mp[0m[0ma[0m[0mg[0m[0ma[0m[0mt[0m[0mi[0m[0mo[0m[0mn[0m[0m([0m[0m)[0m[0m;[0m[0m
[0m[0m  [0m[0m
[0m[0m  [0m[0m[1m[34mâ„¹[0m[0m [0m[0m[34mThis dependency is not specified in the hook dependency list.[0m[0m
[0m[0m  [0m[0m
[0m[0m  [0m[0m  [0m[0m[1m159 â”‚ [0m[0m [0m[0m [0m[0m [0m[0m [0m[0m [0m[0m [0m[0m [0m[0m [0m[0mc[0m[0ma[0m[0ms[0m[0me[0m[0m [0m[0m"[0m[0mA[0m[0mr[0m[0mr[0m[0mo[0m[0mw[0m[0mR[0m[0mi[0m[0mg[0m[0mh[0m[0mt[0m[0m"[0m[0m:[0m[0m
[0m[0m  [0m[0m[1m[31m>[0m[0m [0m[0m[1m160 â”‚ [0m[0m [0m[0m [0m[0m [0m[0m [0m[0m [0m[0m [0m[0m [0m[0m [0m[0m [0m[0m [0m[0mi[0m[0mf[0m[0m [0m[0m([0m[0md[0m[0mi[0m[0mr[0m[0m [0m[0m=[0m[0m=[0m[0m=[0m[0m [0m[0m"[0m[0mr[0m[0mt[0m[0ml[0m[0m"[0m[0m)[0m[0m [0m[0m{[0m[0m
[0m[0m  [0m[0m [0m[0m [0m[0m [0m[0m[1m   â”‚ [0m[0m [0m[0m [0m[0m [0m[0m [0m[0m [0m[0m [0m[0m [0m[0m [0m[0m [0m[0m [0m[0m [0m[0m [0m[0m [0m[0m [0m[0m[1m[31m^[0m[0m[1m[31m^[0m[0m[1m[31m^[0m[0m
[0m[0m  [0m[0m  [0m[0m[1m161 â”‚ [0m[0m [0m[0m [0m[0m [0m[0m [0m[0m [0m[0m [0m[0m [0m[0m [0m[0m [0m[0m [0m[0m [0m[0m [0m[0mi[0m[0mf[0m[0m [0m[0m([0m[0mv[0m[0ma[0m[0ml[0m[0mu[0m[0me[0m[0m.[0m[0ml[0m[0me[0m[0mn[0m[0mg[0m[0mt[0m[0mh[0m[0m [0m[0m>[0m[0m [0m[0m0[0m[0m [0m[0m&[0m[0m&[0m[0m [0m[0mt[0m[0ma[0m[0mr[0m[0mg[0m[0me[0m[0mt[0m[0m.[0m[0ms[0m[0me[0m[0ml[0m[0me[0m[0mc[0m[0mt[0m[0mi[0m[0mo[0m[0mn[0m[0mS[0m[0mt[0m[0ma[0m[0mr[0m[0mt[0m[0m [0m[0m=[0m[0m=[0m[0m=[0m[0m [0m[0m0[0m[0m)[0m[0m [0m[0m{[0m[0m
[0m[0m  [0m[0m  [0m[0m[1m162 â”‚ [0m[0m [0m[0m [0m[0m [0m[0m [0m[0m [0m[0m [0m[0m [0m[0m [0m[0m [0m[0m [0m[0m [0m[0m [0m[0m [0m[0m [0m[0mm[0m[0mo[0m[0mv[0m[0me[0m[0mP[0m[0mr[0m[0me[0m[0mv[0m[0m([0m[0m)[0m[0m;[0m[0m
[0m[0m  [0m[0m
[0m[0m  [0m[0m[1m[34mâ„¹[0m[0m [0m[0m[34mThis dependency is not specified in the hook dependency list.[0m[0m
[0m[0m  [0m[0m
[0m[0m  [0m[0m  [0m[0m[1m146 â”‚ [0m[0m [0m[0m [0m[0m [0m[0m [0m[0m [0m[0m [0m[0ms[0m[0mw[0m[0mi[0m[0mt[0m[0mc[0m[0mh[0m[0m [0m[0m([0m[0me[0m[0m.[0m[0mk[0m[0me[0m[0my[0m[0m)[0m[0m [0m[0m{[0m[0m
[0m[0m  [0m[0m  [0m[0m[1m147 â”‚ [0m[0m [0m[0m [0m[0m [0m[0m [0m[0m [0m[0m [0m[0m [0m[0m [0m[0mc[0m[0ma[0m[0ms[0m[0me[0m[0m [0m[0m"[0m[0mA[0m[0mr[0m[0mr[0m[0mo[0m[0mw[0m[0mL[0m[0me[0m[0mf[0m[0mt[0m[0m"[0m[0m:[0m[0m
[0m[0m  [0m[0m[1m[31m>[0m[0m [0m[0m[1m148 â”‚ [0m[0m [0m[0m [0m[0m [0m[0m [0m[0m [0m[0m [0m[0m [0m[0m [0m[0m [0m[0m [0m[0mi[0m[0mf[0m[0m [0m[0m([0m[0md[0m[0mi[0m[0mr[0m[0m [0m[0m=[0m[0m=[0m[0m=[0m[0m [0m[0m"[0m[0mr[0m[0mt[0m[0ml[0m[0m"[0m[0m)[0m[0m [0m[0m{[0m[0m
[0m[0m  [0m[0m [0m[0m [0m[0m [0m[0m[1m   â”‚ [0m[0m [0m[0m [0m[0m [0m[0m [0m[0m [0m[0m [0m[0m [0m[0m [0m[0m [0m[0m [0m[0m [0m[0m [0m[0m [0m[0m [0m[0m[1m[31m^[0m[0m[1m[31m^[0m[0m[1m[31m^[0m[0m
[0m[0m  [0m[0m  [0m[0m[1m149 â”‚ [0m[0m [0m[0m [0m[0m [0m[0m [0m[0m [0m[0m [0m[0m [0m[0m [0m[0m [0m[0m [0m[0m [0m[0m [0m[0mi[0m[0mf[0m[0m [0m[0m([0m[0mv[0m[0ma[0m[0ml[0m[0mu[0m[0me[0m[0m.[0m[0ml[0m[0me[0m[0mn[0m[0mg[0m[0mt[0m[0mh[0m[0m [0m[0m>[0m[0m [0m[0m0[0m[0m [0m[0m&[0m[0m&[0m[0m [0m[0m([0m[0ma[0m[0mc[0m[0mt[0m[0mi[0m[0mv[0m[0me[0m[0mI[0m[0mn[0m[0md[0m[0me[0m[0mx[0m[0m [0m[0m![0m[0m=[0m[0m=[0m[0m [0m[0m-[0m[0m1[0m[0m [0m[0m|[0m[0m|[0m[0m [0m[0ml[0m[0mo[0m[0mo[0m[0mp[0m[0m)[0m[0m)[0m[0m [0m[0m{[0m[0m
[0m[0m  [0m[0m  [0m[0m[1m150 â”‚ [0m[0m [0m[0m [0m[0m [0m[0m [0m[0m [0m[0m [0m[0m [0m[0m [0m[0m [0m[0m [0m[0m [0m[0m [0m[0m [0m[0m [0m[0mm[0m[0mo[0m[0mv[0m[0me[0m[0mN[0m[0me[0m[0mx[0m[0mt[0m[0m([0m[0m)[0m[0m;[0m[0m
[0m[0m  [0m[0m
[0m
[0m./src/multi-select.tsx[0m[0m:[0m[0m117[0m[0m:[0m[0m25[0m[0m [0m[0m]8;;https://biomejs.dev/linter/rules/use-exhaustive-dependencies\lint/correctness/useExhaustiveDependencies]8;;\[0m[0m [0m[0mâ”â”â”â”â”â”â”â”â”â”â”â”â”â”â”â”â”â”â”â”â”â”â”â”â”â”â”[0m[0m

[0m[0m  [0m[0m[1m[31mâœ–[0m[0m [0m[0m[31mThis hook does not specify all of its dependencies: onValueChangeHandler[0m[0m
[0m[0m  [0m[0m
[0m[0m  [0m[0m  [0m[0m[1m115 â”‚ [0m[0m [0m[0m [0m[0m)[0m[0m;[0m[0m
[0m[0m  [0m[0m  [0m[0m[1m116 â”‚ [0m[0m
[0m[0m  [0m[0m[1m[31m>[0m[0m [0m[0m[1m117 â”‚ [0m[0m [0m[0m [0m[0mc[0m[0mo[0m[0mn[0m[0ms[0m[0mt[0m[0m [0m[0mh[0m[0ma[0m[0mn[0m[0md[0m[0ml[0m[0me[0m[0mK[0m[0me[0m[0my[0m[0mD[0m[0mo[0m[0mw[0m[0mn[0m[0m [0m[0m=[0m[0m [0m[0mu[0m[0ms[0m[0me[0m[0mC[0m[0ma[0m[0ml[0m[0ml[0m[0mb[0m[0ma[0m[0mc[0m[0mk[0m[0m([0m[0m
[0m[0m  [0m[0m [0m[0m [0m[0m [0m[0m[1m   â”‚ [0m[0m [0m[0m [0m[0m [0m[0m [0m[0m [0m[0m [0m[0m [0m[0m [0m[0m [0m[0m [0m[0m [0m[0m [0m[0m [0m[0m [0m[0m [0m[0m [0m[0m [0m[0m [0m[0m [0m[0m [0m[0m [0m[0m [0m[0m [0m[0m [0m[0m[1m[31m^[0m[0m[1m[31m^[0m[0m[1m[31m^[0m[0m[1m[31m^[0m[0m[1m[31m^[0m[0m[1m[31m^[0m[0m[1m[31m^[0m[0m[1m[31m^[0m[0m[1m[31m^[0m[0m[1m[31m^[0m[0m[1m[31m^[0m[0m
[0m[0m  [0m[0m  [0m[0m[1m118 â”‚ [0m[0m [0m[0m [0m[0m [0m[0m [0m[0m([0m[0me[0m[0m:[0m[0m [0m[0mK[0m[0me[0m[0my[0m[0mb[0m[0mo[0m[0ma[0m[0mr[0m[0md[0m[0mE[0m[0mv[0m[0me[0m[0mn[0m[0mt[0m[0m<[0m[0mH[0m[0mT[0m[0mM[0m[0mL[0m[0mD[0m[0mi[0m[0mv[0m[0mE[0m[0ml[0m[0me[0m[0mm[0m[0me[0m[0mn[0m[0mt[0m[0m>[0m[0m)[0m[0m [0m[0m=[0m[0m>[0m[0m [0m[0m{[0m[0m
[0m[0m  [0m[0m  [0m[0m[1m119 â”‚ [0m[0m [0m[0m [0m[0m [0m[0m [0m[0m [0m[0m [0m[0me[0m[0m.[0m[0ms[0m[0mt[0m[0mo[0m[0mp[0m[0mP[0m[0mr[0m[0mo[0m[0mp[0m[0ma[0m[0mg[0m[0ma[0m[0mt[0m[0mi[0m[0mo[0m[0mn[0m[0m([0m[0m)[0m[0m;[0m[0m
[0m[0m  [0m[0m
[0m[0m  [0m[0m[1m[34mâ„¹[0m[0m [0m[0m[34mThis dependency is not specified in the hook dependency list.[0m[0m
[0m[0m  [0m[0m
[0m[0m  [0m[0m  [0m[0m[1m178 â”‚ [0m[0m [0m[0m [0m[0m [0m[0m [0m[0m [0m[0m [0m[0m [0m[0m [0m[0m [0m[0m [0m[0m [0m[0m [0m[0m [0m[0m [0m[0mi[0m[0mf[0m[0m [0m[0m([0m[0mt[0m[0ma[0m[0mr[0m[0mg[0m[0me[0m[0mt[0m[0m.[0m[0ms[0m[0me[0m[0ml[0m[0me[0m[0mc[0m[0mt[0m[0mi[0m[0mo[0m[0mn[0m[0mS[0m[0mt[0m[0ma[0m[0mr[0m[0mt[0m[0m [0m[0m=[0m[0m=[0m[0m=[0m[0m [0m[0m0[0m[0m)[0m[0m [0m[0m{[0m[0m
[0m[0m  [0m[0m  [0m[0m[1m179 â”‚ [0m[0m [0m[0m [0m[0m [0m[0m [0m[0m [0m[0m [0m[0m [0m[0m [0m[0m [0m[0m [0m[0m [0m[0m [0m[0m [0m[0m [0m[0m [0m[0m [0m[0mi[0m[0mf[0m[0m [0m[0m([0m[0ms[0m[0me[0m[0ml[0m[0me[0m[0mc[0m[0mt[0m[0me[0m[0md[0m[0mV[0m[0ma[0m[0ml[0m[0mu[0m[0me[0m[0m [0m[0m=[0m[0m=[0m[0m=[0m[0m [0m[0mi[0m[0mn[0m[0mp[0m[0mu[0m[0mt[0m[0mV[0m[0ma[0m[0ml[0m[0mu[0m[0me[0m[0m [0m[0m|[0m[0m|[0m[0m [0m[0mi[0m[0ms[0m[0mV[0m[0ma[0m[0ml[0m[0mu[0m[0me[0m[0mS[0m[0me[0m[0ml[0m[0me[0m[0mc[0m[0mt[0m[0me[0m[0md[0m[0m)[0m[0m [0m[0m{[0m[0m
[0m[0m  [0m[0m[1m[31m>[0m[0m [0m[0m[1m180 â”‚ [0m[0m [0m[0m [0m[0m [0m[0m [0m[0m [0m[0m [0m[0m [0m[0m [0m[0m [0m[0m [0m[0m [0m[0m [0m[0m [0m[0m [0m[0m [0m[0m [0m[0m [0m[0m [0m[0mo[0m[0mn[0m[0mV[0m[0ma[0m[0ml[0m[0mu[0m[0me[0m[0mC[0m[0mh[0m[0ma[0m[0mn[0m[0mg[0m[0me[0m[0mH[0m[0ma[0m[0mn[0m[0md[0m[0ml[0m[0me[0m[0mr[0m[0m([0m[0mv[0m[0ma[0m[0ml[0m[0mu[0m[0me[0m[0m[[0m[0mv[0m[0ma[0m[0ml[0m[0mu[0m[0me[0m[0m.[0m[0ml[0m[0me[0m[0mn[0m[0mg[0m[0mt[0m[0mh[0m[0m [0m[0m-[0m[0m [0m[0m1[0m[0m][0m[0m)[0m[0m;[0m[0m
[0m[0m  [0m[0m [0m[0m [0m[0m [0m[0m[1m   â”‚ [0m[0m [0m[0m [0m[0m [0m[0m [0m[0m [0m[0m [0m[0m [0m[0m [0m[0m [0m[0m [0m[0m [0m[0m [0m[0m [0m[0m [0m[0m [0m[0m [0m[0m [0m[0m [0m[0m[1m[31m^[0m[0m[1m[31m^[0m[0m[1m[31m^[0m[0m[1m[31m^[0m[0m[1m[31m^[0m[0m[1m[31m^[0m[0m[1m[31m^[0m[0m[1m[31m^[0m[0m[1m[31m^[0m[0m[1m[31m^[0m[0m[1m[31m^[0m[0m[1m[31m^[0m[0m[1m[31m^[0m[0m[1m[31m^[0m[0m[1m[31m^[0m[0m[1m[31m^[0m[0m[1m[31m^[0m[0m[1m[31m^[0m[0m[1m[31m^[0m[0m[1m[31m^[0m[0m
[0m[0m  [0m[0m  [0m[0m[1m181 â”‚ [0m[0m [0m[0m [0m[0m [0m[0m [0m[0m [0m[0m [0m[0m [0m[0m [0m[0m [0m[0m [0m[0m [0m[0m [0m[0m [0m[0m [0m[0m [0m[0m [0m[0m}[0m[0m
[0m[0m  [0m[0m  [0m[0m[1m182 â”‚ [0m[0m [0m[0m [0m[0m [0m[0m [0m[0m [0m[0m [0m[0m [0m[0m [0m[0m [0m[0m [0m[0m [0m[0m [0m[0m [0m[0m [0m[0m}[0m[0m
[0m[0m  [0m[0m
[0m[0m  [0m[0m[1m[34mâ„¹[0m[0m [0m[0m[34mThis dependency is not specified in the hook dependency list.[0m[0m
[0m[0m  [0m[0m
[0m[0m  [0m[0m  [0m[0m[1m173 â”‚ [0m[0m [0m[0m [0m[0m [0m[0m [0m[0m [0m[0m [0m[0m [0m[0m [0m[0m [0m[0m [0m[0mi[0m[0mf[0m[0m [0m[0m([0m[0mv[0m[0ma[0m[0ml[0m[0mu[0m[0me[0m[0m.[0m[0ml[0m[0me[0m[0mn[0m[0mg[0m[0mt[0m[0mh[0m[0m [0m[0m>[0m[0m [0m[0m0[0m[0m)[0m[0m [0m[0m{[0m[0m
[0m[0m  [0m[0m  [0m[0m[1m174 â”‚ [0m[0m [0m[0m [0m[0m [0m[0m [0m[0m [0m[0m [0m[0m [0m[0m [0m[0m [0m[0m [0m[0m [0m[0m [0m[0mi[0m[0mf[0m[0m [0m[0m([0m[0ma[0m[0mc[0m[0mt[0m[0mi[0m[0mv[0m[0me[0m[0mI[0m[0mn[0m[0md[0m[0me[0m[0mx[0m[0m [0m[0m![0m[0m=[0m[0m=[0m[0m [0m[0m-[0m[0m1[0m[0m [0m[0m&[0m[0m&[0m[0m [0m[0ma[0m[0mc[0m[0mt[0m[0mi[0m[0mv[0m[0me[0m[0mI[0m[0mn[0m[0md[0m[0me[0m[0mx[0m[0m [0m[0m<[0m[0m [0m[0mv[0m[0ma[0m[0ml[0m[0mu[0m[0me[0m[0m.[0m[0ml[0m[0me[0m[0mn[0m[0mg[0m[0mt[0m[0mh[0m[0m)[0m[0m [0m[0m{[0m[0m
[0m[0m  [0m[0m[1m[31m>[0m[0m [0m[0m[1m175 â”‚ [0m[0m [0m[0m [0m[0m [0m[0m [0m[0m [0m[0m [0m[0m [0m[0m [0m[0m [0m[0m [0m[0m [0m[0m [0m[0m [0m[0m [0m[0mo[0m[0mn[0m[0mV[0m[0ma[0m[0ml[0m[0mu[0m[0me[0m[0mC[0m[0mh[0m[0ma[0m[0mn[0m[0mg[0m[0me[0m[0mH[0m[0ma[0m[0mn[0m[0md[0m[0ml[0m[0me[0m[0mr[0m[0m([0m[0mv[0m[0ma[0m[0ml[0m[0mu[0m[0me[0m[0m[[0m[0ma[0m[0mc[0m[0mt[0m[0mi[0m[0mv[0m[0me[0m[0mI[0m[0mn[0m[0md[0m[0me[0m[0mx[0m[0m][0m[0m)[0m[0m;[0m[0m
[0m[0m  [0m[0m [0m[0m [0m[0m [0m[0m[1m   â”‚ [0m[0m [0m[0m [0m[0m [0m[0m [0m[0m [0m[0m [0m[0m [0m[0m [0m[0m [0m[0m [0m[0m [0m[0m [0m[0m [0m[0m [0m[0m[1m[31m^[0m[0m[1m[31m^[0m[0m[1m[31m^[0m[0m[1m[31m^[0m[0m[1m[31m^[0m[0m[1m[31m^[0m[0m[1m[31m^[0m[0m[1m[31m^[0m[0m[1m[31m^[0m[0m[1m[31m^[0m[0m[1m[31m^[0m[0m[1m[31m^[0m[0m[1m[31m^[0m[0m[1m[31m^[0m[0m[1m[31m^[0m[0m[1m[31m^[0m[0m[1m[31m^[0m[0m[1m[31m^[0m[0m[1m[31m^[0m[0m[1m[31m^[0m[0m
[0m[0m  [0m[0m  [0m[0m[1m176 â”‚ [0m[0m [0m[0m [0m[0m [0m[0m [0m[0m [0m[0m [0m[0m [0m[0m [0m[0m [0m[0m [0m[0m [0m[0m [0m[0m [0m[0m [0m[0mm[0m[0mo[0m[0mv[0m[0me[0m[0mC[0m[0mu[0m[0mr[0m[0mr[0m[0me[0m[0mn[0m[0mt[0m[0m([0m[0m)[0m[0m;[0m[0m
[0m[0m  [0m[0m  [0m[0m[1m177 â”‚ [0m[0m [0m[0m [0m[0m [0m[0m [0m[0m [0m[0m [0m[0m [0m[0m [0m[0m [0m[0m [0m[0m [0m[0m [0m[0m}[0m[0m [0m[0me[0m[0ml[0m[0ms[0m[0me[0m[0m [0m[0m{[0m[0m
[0m[0m  [0m[0m
[0m
[0m./src/multi-select.tsx[0m[0m:[0m[0m117[0m[0m:[0m[0m25[0m[0m [0m[0m]8;;https://biomejs.dev/linter/rules/use-exhaustive-dependencies\lint/correctness/useExhaustiveDependencies]8;;\[0m[0m [0m[0mâ”â”â”â”â”â”â”â”â”â”â”â”â”â”â”â”â”â”â”â”â”â”â”â”â”â”â”[0m[0m

[0m[0m  [0m[0m[1m[31mâœ–[0m[0m [0m[0m[31mThis hook does not specify all of its dependencies: selectedValue[0m[0m
[0m[0m  [0m[0m
[0m[0m  [0m[0m  [0m[0m[1m115 â”‚ [0m[0m [0m[0m [0m[0m)[0m[0m;[0m[0m
[0m[0m  [0m[0m  [0m[0m[1m116 â”‚ [0m[0m
[0m[0m  [0m[0m[1m[31m>[0m[0m [0m[0m[1m117 â”‚ [0m[0m [0m[0m [0m[0mc[0m[0mo[0m[0mn[0m[0ms[0m[0mt[0m[0m [0m[0mh[0m[0ma[0m[0mn[0m[0md[0m[0ml[0m[0me[0m[0mK[0m[0me[0m[0my[0m[0mD[0m[0mo[0m[0mw[0m[0mn[0m[0m [0m[0m=[0m[0m [0m[0mu[0m[0ms[0m[0me[0m[0mC[0m[0ma[0m[0ml[0m[0ml[0m[0mb[0m[0ma[0m[0mc[0m[0mk[0m[0m([0m[0m
[0m[0m  [0m[0m [0m[0m [0m[0m [0m[0m[1m   â”‚ [0m[0m [0m[0m [0m[0m [0m[0m [0m[0m [0m[0m [0m[0m [0m[0m [0m[0m [0m[0m [0m[0m [0m[0m [0m[0m [0m[0m [0m[0m [0m[0m [0m[0m [0m[0m [0m[0m [0m[0m [0m[0m [0m[0m [0m[0m [0m[0m [0m[0m[1m[31m^[0m[0m[1m[31m^[0m[0m[1m[31m^[0m[0m[1m[31m^[0m[0m[1m[31m^[0m[0m[1m[31m^[0m[0m[1m[31m^[0m[0m[1m[31m^[0m[0m[1m[31m^[0m[0m[1m[31m^[0m[0m[1m[31m^[0m[0m
[0m[0m  [0m[0m  [0m[0m[1m118 â”‚ [0m[0m [0m[0m [0m[0m [0m[0m [0m[0m([0m[0me[0m[0m:[0m[0m [0m[0mK[0m[0me[0m[0my[0m[0mb[0m[0mo[0m[0ma[0m[0mr[0m[0md[0m[0mE[0m[0mv[0m[0me[0m[0mn[0m[0mt[0m[0m<[0m[0mH[0m[0mT[0m[0mM[0m[0mL[0m[0mD[0m[0mi[0m[0mv[0m[0mE[0m[0ml[0m[0me[0m[0mm[0m[0me[0m[0mn[0m[0mt[0m[0m>[0m[0m)[0m[0m [0m[0m=[0m[0m>[0m[0m [0m[0m{[0m[0m
[0m[0m  [0m[0m  [0m[0m[1m119 â”‚ [0m[0m [0m[0m [0m[0m [0m[0m [0m[0m [0m[0m [0m[0me[0m[0m.[0m[0ms[0m[0mt[0m[0mo[0m[0mp[0m[0mP[0m[0mr[0m[0mo[0m[0mp[0m[0ma[0m[0mg[0m[0ma[0m[0mt[0m[0mi[0m[0mo[0m[0mn[0m[0m([0m[0m)[0m[0m;[0m[0m
[0m[0m  [0m[0m
[0m[0m  [0m[0m[1m[34mâ„¹[0m[0m [0m[0m[34mThis dependency is not specified in the hook dependency list.[0m[0m
[0m[0m  [0m[0m
[0m[0m  [0m[0m  [0m[0m[1m177 â”‚ [0m[0m [0m[0m [0m[0m [0m[0m [0m[0m [0m[0m [0m[0m [0m[0m [0m[0m [0m[0m [0m[0m [0m[0m [0m[0m}[0m[0m [0m[0me[0m[0ml[0m[0ms[0m[0me[0m[0m [0m[0m{[0m[0m
[0m[0m  [0m[0m  [0m[0m[1m178 â”‚ [0m[0m [0m[0m [0m[0m [0m[0m [0m[0m [0m[0m [0m[0m [0m[0m [0m[0m [0m[0m [0m[0m [0m[0m [0m[0m [0m[0m [0m[0mi[0m[0mf[0m[0m [0m[0m([0m[0mt[0m[0ma[0m[0mr[0m[0mg[0m[0me[0m[0mt[0m[0m.[0m[0ms[0m[0me[0m[0ml[0m[0me[0m[0mc[0m[0mt[0m[0mi[0m[0mo[0m[0mn[0m[0mS[0m[0mt[0m[0ma[0m[0mr[0m[0mt[0m[0m [0m[0m=[0m[0m=[0m[0m=[0m[0m [0m[0m0[0m[0m)[0m[0m [0m[0m{[0m[0m
[0m[0m  [0m[0m[1m[31m>[0m[0m [0m[0m[1m179 â”‚ [0m[0m [0m[0m [0m[0m [0m[0m [0m[0m [0m[0m [0m[0m [0m[0m [0m[0m [0m[0m [0m[0m [0m[0m [0m[0m [0m[0m [0m[0m [0m[0m [0m[0mi[0m[0mf[0m[0m [0m[0m([0m[0ms[0m[0me[0m[0ml[0m[0me[0m[0mc[0m[0mt[0m[0me[0m[0md[0m[0mV[0m[0ma[0m[0ml[0m[0mu[0m[0me[0m[0m [0m[0m=[0m[0m=[0m[0m=[0m[0m [0m[0mi[0m[0mn[0m[0mp[0m[0mu[0m[0mt[0m[0mV[0m[0ma[0m[0ml[0m[0mu[0m[0me[0m[0m [0m[0m|[0m[0m|[0m[0m [0m[0mi[0m[0ms[0m[0mV[0m[0ma[0m[0ml[0m[0mu[0m[0me[0m[0mS[0m[0me[0m[0ml[0m[0me[0m[0mc[0m[0mt[0m[0me[0m[0md[0m[0m)[0m[0m [0m[0m{[0m[0m
[0m[0m  [0m[0m [0m[0m [0m[0m [0m[0m[1m   â”‚ [0m[0m [0m[0m [0m[0m [0m[0m [0m[0m [0m[0m [0m[0m [0m[0m [0m[0m [0m[0m [0m[0m [0m[0m [0m[0m [0m[0m [0m[0m [0m[0m [0m[0m [0m[0m [0m[0m [0m[0m [0m[0m[1m[31m^[0m[0m[1m[31m^[0m[0m[1m[31m^[0m[0m[1m[31m^[0m[0m[1m[31m^[0m[0m[1m[31m^[0m[0m[1m[31m^[0m[0m[1m[31m^[0m[0m[1m[31m^[0m[0m[1m[31m^[0m[0m[1m[31m^[0m[0m[1m[31m^[0m[0m[1m[31m^[0m[0m
[0m[0m  [0m[0m  [0m[0m[1m180 â”‚ [0m[0m [0m[0m [0m[0m [0m[0m [0m[0m [0m[0m [0m[0m [0m[0m [0m[0m [0m[0m [0m[0m [0m[0m [0m[0m [0m[0m [0m[0m [0m[0m [0m[0m [0m[0m [0m[0mo[0m[0mn[0m[0mV[0m[0ma[0m[0ml[0m[0mu[0m[0me[0m[0mC[0m[0mh[0m[0ma[0m[0mn[0m[0mg[0m[0me[0m[0mH[0m[0ma[0m[0mn[0m[0md[0m[0ml[0m[0me[0m[0mr[0m[0m([0m[0mv[0m[0ma[0m[0ml[0m[0mu[0m[0me[0m[0m[[0m[0mv[0m[0ma[0m[0ml[0m[0mu[0m[0me[0m[0m.[0m[0ml[0m[0me[0m[0mn[0m[0mg[0m[0mt[0m[0mh[0m[0m [0m[0m-[0m[0m [0m[0m1[0m[0m][0m[0m)[0m[0m;[0m[0m
[0m[0m  [0m[0m  [0m[0m[1m181 â”‚ [0m[0m [0m[0m [0m[0m [0m[0m [0m[0m [0m[0m [0m[0m [0m[0m [0m[0m [0m[0m [0m[0m [0m[0m [0m[0m [0m[0m [0m[0m [0m[0m [0m[0m}[0m[0m
[0m[0m  [0m[0m
[0m
[0m./src/multi-select.tsx[0m[0m:[0m[0m117[0m[0m:[0m[0m25[0m[0m [0m[0m]8;;https://biomejs.dev/linter/rules/use-exhaustive-dependencies\lint/correctness/useExhaustiveDependencies]8;;\[0m[0m [0m[0mâ”â”â”â”â”â”â”â”â”â”â”â”â”â”â”â”â”â”â”â”â”â”â”â”â”â”â”[0m[0m

[0m[0m  [0m[0m[1m[31mâœ–[0m[0m [0m[0m[31mThis hook does not specify all of its dependencies: isValueSelected[0m[0m
[0m[0m  [0m[0m
[0m[0m  [0m[0m  [0m[0m[1m115 â”‚ [0m[0m [0m[0m [0m[0m)[0m[0m;[0m[0m
[0m[0m  [0m[0m  [0m[0m[1m116 â”‚ [0m[0m
[0m[0m  [0m[0m[1m[31m>[0m[0m [0m[0m[1m117 â”‚ [0m[0m [0m[0m [0m[0mc[0m[0mo[0m[0mn[0m[0ms[0m[0mt[0m[0m [0m[0mh[0m[0ma[0m[0mn[0m[0md[0m[0ml[0m[0me[0m[0mK[0m[0me[0m[0my[0m[0mD[0m[0mo[0m[0mw[0m[0mn[0m[0m [0m[0m=[0m[0m [0m[0mu[0m[0ms[0m[0me[0m[0mC[0m[0ma[0m[0ml[0m[0ml[0m[0mb[0m[0ma[0m[0mc[0m[0mk[0m[0m([0m[0m
[0m[0m  [0m[0m [0m[0m [0m[0m [0m[0m[1m   â”‚ [0m[0m [0m[0m [0m[0m [0m[0m [0m[0m [0m[0m [0m[0m [0m[0m [0m[0m [0m[0m [0m[0m [0m[0m [0m[0m [0m[0m [0m[0m [0m[0m [0m[0m [0m[0m [0m[0m [0m[0m [0m[0m [0m[0m [0m[0m [0m[0m [0m[0m[1m[31m^[0m[0m[1m[31m^[0m[0m[1m[31m^[0m[0m[1m[31m^[0m[0m[1m[31m^[0m[0m[1m[31m^[0m[0m[1m[31m^[0m[0m[1m[31m^[0m[0m[1m[31m^[0m[0m[1m[31m^[0m[0m[1m[31m^[0m[0m
[0m[0m  [0m[0m  [0m[0m[1m118 â”‚ [0m[0m [0m[0m [0m[0m [0m[0m [0m[0m([0m[0me[0m[0m:[0m[0m [0m[0mK[0m[0me[0m[0my[0m[0mb[0m[0mo[0m[0ma[0m[0mr[0m[0md[0m[0mE[0m[0mv[0m[0me[0m[0mn[0m[0mt[0m[0m<[0m[0mH[0m[0mT[0m[0mM[0m[0mL[0m[0mD[0m[0mi[0m[0mv[0m[0mE[0m[0ml[0m[0me[0m[0mm[0m[0me[0m[0mn[0m[0mt[0m[0m>[0m[0m)[0m[0m [0m[0m=[0m[0m>[0m[0m [0m[0m{[0m[0m
[0m[0m  [0m[0m  [0m[0m[1m119 â”‚ [0m[0m [0m[0m [0m[0m [0m[0m [0m[0m [0m[0m [0m[0me[0m[0m.[0m[0ms[0m[0mt[0m[0mo[0m[0mp[0m[0mP[0m[0mr[0m[0mo[0m[0mp[0m[0ma[0m[0mg[0m[0ma[0m[0mt[0m[0mi[0m[0mo[0m[0mn[0m[0m([0m[0m)[0m[0m;[0m[0m
[0m[0m  [0m[0m
[0m[0m  [0m[0m[1m[34mâ„¹[0m[0m [0m[0m[34mThis dependency is not specified in the hook dependency list.[0m[0m
[0m[0m  [0m[0m
[0m[0m  [0m[0m  [0m[0m[1m177 â”‚ [0m[0m [0m[0m [0m[0m [0m[0m [0m[0m [0m[0m [0m[0m [0m[0m [0m[0m [0m[0m [0m[0m [0m[0m [0m[0m}[0m[0m [0m[0me[0m[0ml[0m[0ms[0m[0me[0m[0m [0m[0m{[0m[0m
[0m[0m  [0m[0m  [0m[0m[1m178 â”‚ [0m[0m [0m[0m [0m[0m [0m[0m [0m[0m [0m[0m [0m[0m [0m[0m [0m[0m [0m[0m [0m[0m [0m[0m [0m[0m [0m[0m [0m[0mi[0m[0mf[0m[0m [0m[0m([0m[0mt[0m[0ma[0m[0mr[0m[0mg[0m[0me[0m[0mt[0m[0m.[0m[0ms[0m[0me[0m[0ml[0m[0me[0m[0mc[0m[0mt[0m[0mi[0m[0mo[0m[0mn[0m[0mS[0m[0mt[0m[0ma[0m[0mr[0m[0mt[0m[0m [0m[0m=[0m[0m=[0m[0m=[0m[0m [0m[0m0[0m[0m)[0m[0m [0m[0m{[0m[0m
[0m[0m  [0m[0m[1m[31m>[0m[0m [0m[0m[1m179 â”‚ [0m[0m [0m[0m [0m[0m [0m[0m [0m[0m [0m[0m [0m[0m [0m[0m [0m[0m [0m[0m [0m[0m [0m[0m [0m[0m [0m[0m [0m[0m [0m[0m [0m[0mi[0m[0mf[0m[0m [0m[0m([0m[0ms[0m[0me[0m[0ml[0m[0me[0m[0mc[0m[0mt[0m[0me[0m[0md[0m[0mV[0m[0ma[0m[0ml[0m[0mu[0m[0me[0m[0m [0m[0m=[0m[0m=[0m[0m=[0m[0m [0m[0mi[0m[0mn[0m[0mp[0m[0mu[0m[0mt[0m[0mV[0m[0ma[0m[0ml[0m[0mu[0m[0me[0m[0m [0m[0m|[0m[0m|[0m[0m [0m[0mi[0m[0ms[0m[0mV[0m[0ma[0m[0ml[0m[0mu[0m[0me[0m[0mS[0m[0me[0m[0ml[0m[0me[0m[0mc[0m[0mt[0m[0me[0m[0md[0m[0m)[0m[0m [0m[0m{[0m[0m
[0m[0m  [0m[0m [0m[0m [0m[0m [0m[0m[1m   â”‚ [0m[0m [0m[0m [0m[0m [0m[0m [0m[0m [0m[0m [0m[0m [0m[0m [0m[0m [0m[0m [0m[0m [0m[0m [0m[0m [0m[0m [0m[0m [0m[0m [0m[0m [0m[0m [0m[0m [0m[0m [0m[0m [0m[0m [0m[0m [0m[0m [0m[0m [0m[0m [0m[0m [0m[0m [0m[0m [0m[0m [0m[0m [0m[0m [0m[0m [0m[0m [0m[0m [0m[0m [0m[0m [0m[0m [0m[0m [0m[0m [0m[0m [0m[0m [0m[0m [0m[0m [0m[0m [0m[0m [0m[0m [0m[0m [0m[0m [0m[0m [0m[0m [0m[0m [0m[0m[1m[31m^[0m[0m[1m[31m^[0m[0m[1m[31m^[0m[0m[1m[31m^[0m[0m[1m[31m^[0m[0m[1m[31m^[0m[0m[1m[31m^[0m[0m[1m[31m^[0m[0m[1m[31m^[0m[0m[1m[31m^[0m[0m[1m[31m^[0m[0m[1m[31m^[0m[0m[1m[31m^[0m[0m[1m[31m^[0m[0m[1m[31m^[0m[0m
[0m[0m  [0m[0m  [0m[0m[1m180 â”‚ [0m[0m [0m[0m [0m[0m [0m[0m [0m[0m [0m[0m [0m[0m [0m[0m [0m[0m [0m[0m [0m[0m [0m[0m [0m[0m [0m[0m [0m[0m [0m[0m [0m[0m [0m[0m [0m[0mo[0m[0mn[0m[0mV[0m[0ma[0m[0ml[0m[0mu[0m[0me[0m[0mC[0m[0mh[0m[0ma[0m[0mn[0m[0mg[0m[0me[0m[0mH[0m[0ma[0m[0mn[0m[0md[0m[0ml[0m[0me[0m[0mr[0m[0m([0m[0mv[0m[0ma[0m[0ml[0m[0mu[0m[0me[0m[0m[[0m[0mv[0m[0ma[0m[0ml[0m[0mu[0m[0me[0m[0m.[0m[0ml[0m[0me[0m[0mn[0m[0mg[0m[0mt[0m[0mh[0m[0m [0m[0m-[0m[0m [0m[0m1[0m[0m][0m[0m)[0m[0m;[0m[0m
[0m[0m  [0m[0m  [0m[0m[1m181 â”‚ [0m[0m [0m[0m [0m[0m [0m[0m [0m[0m [0m[0m [0m[0m [0m[0m [0m[0m [0m[0m [0m[0m [0m[0m [0m[0m [0m[0m [0m[0m [0m[0m [0m[0m}[0m[0m
[0m[0m  [0m[0m
[0m
[0m./src/multi-select.tsx[0m[0m:[0m[0m117[0m[0m:[0m[0m25[0m[0m [0m[0m]8;;https://biomejs.dev/linter/rules/use-exhaustive-dependencies\lint/correctness/useExhaustiveDependencies]8;;\[0m[0m [0m[0mâ”â”â”â”â”â”â”â”â”â”â”â”â”â”â”â”â”â”â”â”â”â”â”â”â”â”â”[0m[0m

[0m[0m  [0m[0m[1m[31mâœ–[0m[0m [0m[0m[31mThis hook does not specify all of its dependencies: open[0m[0m
[0m[0m  [0m[0m
[0m[0m  [0m[0m  [0m[0m[1m115 â”‚ [0m[0m [0m[0m [0m[0m)[0m[0m;[0m[0m
[0m[0m  [0m[0m  [0m[0m[1m116 â”‚ [0m[0m
[0m[0m  [0m[0m[1m[31m>[0m[0m [0m[0m[1m117 â”‚ [0m[0m [0m[0m [0m[0mc[0m[0mo[0m[0mn[0m[0ms[0m[0mt[0m[0m [0m[0mh[0m[0ma[0m[0mn[0m[0md[0m[0ml[0m[0me[0m[0mK[0m[0me[0m[0my[0m[0mD[0m[0mo[0m[0mw[0m[0mn[0m[0m [0m[0m=[0m[0m [0m[0mu[0m[0ms[0m[0me[0m[0mC[0m[0ma[0m[0ml[0m[0ml[0m[0mb[0m[0ma[0m[0mc[0m[0mk[0m[0m([0m[0m
[0m[0m  [0m[0m [0m[0m [0m[0m [0m[0m[1m   â”‚ [0m[0m [0m[0m [0m[0m [0m[0m [0m[0m [0m[0m [0m[0m [0m[0m [0m[0m [0m[0m [0m[0m [0m[0m [0m[0m [0m[0m [0m[0m [0m[0m [0m[0m [0m[0m [0m[0m [0m[0m [0m[0m [0m[0m [0m[0m [0m[0m [0m[0m[1m[31m^[0m[0m[1m[31m^[0m[0m[1m[31m^[0m[0m[1m[31m^[0m[0m[1m[31m^[0m[0m[1m[31m^[0m[0m[1m[31m^[0m[0m[1m[31m^[0m[0m[1m[31m^[0m[0m[1m[31m^[0m[0m[1m[31m^[0m[0m
[0m[0m  [0m[0m  [0m[0m[1m118 â”‚ [0m[0m [0m[0m [0m[0m [0m[0m [0m[0m([0m[0me[0m[0m:[0m[0m [0m[0mK[0m[0me[0m[0my[0m[0mb[0m[0mo[0m[0ma[0m[0mr[0m[0md[0m[0mE[0m[0mv[0m[0me[0m[0mn[0m[0mt[0m[0m<[0m[0mH[0m[0mT[0m[0mM[0m[0mL[0m[0mD[0m[0mi[0m[0mv[0m[0mE[0m[0ml[0m[0me[0m[0mm[0m[0me[0m[0mn[0m[0mt[0m[0m>[0m[0m)[0m[0m [0m[0m=[0m[0m>[0m[0m [0m[0m{[0m[0m
[0m[0m  [0m[0m  [0m[0m[1m119 â”‚ [0m[0m [0m[0m [0m[0m [0m[0m [0m[0m [0m[0m [0m[0me[0m[0m.[0m[0ms[0m[0mt[0m[0mo[0m[0mp[0m[0mP[0m[0mr[0m[0mo[0m[0mp[0m[0ma[0m[0mg[0m[0ma[0m[0mt[0m[0mi[0m[0mo[0m[0mn[0m[0m([0m[0m)[0m[0m;[0m[0m
[0m[0m  [0m[0m
[0m[0m  [0m[0m[1m[34mâ„¹[0m[0m [0m[0m[34mThis dependency is not specified in the hook dependency list.[0m[0m
[0m[0m  [0m[0m
[0m[0m  [0m[0m  [0m[0m[1m192 â”‚ [0m[0m [0m[0m [0m[0m [0m[0m [0m[0m [0m[0m [0m[0m [0m[0m [0m[0m [0m[0m [0m[0mi[0m[0mf[0m[0m [0m[0m([0m[0ma[0m[0mc[0m[0mt[0m[0mi[0m[0mv[0m[0me[0m[0mI[0m[0mn[0m[0md[0m[0me[0m[0mx[0m[0m [0m[0m![0m[0m=[0m[0m=[0m[0m [0m[0m-[0m[0m1[0m[0m)[0m[0m [0m[0m{[0m[0m
[0m[0m  [0m[0m  [0m[0m[1m193 â”‚ [0m[0m [0m[0m [0m[0m [0m[0m [0m[0m [0m[0m [0m[0m [0m[0m [0m[0m [0m[0m [0m[0m [0m[0m [0m[0ms[0m[0me[0m[0mt[0m[0mA[0m[0mc[0m[0mt[0m[0mi[0m[0mv[0m[0me[0m[0mI[0m[0mn[0m[0md[0m[0me[0m[0mx[0m[0m([0m[0m-[0m[0m1[0m[0m)[0m[0m;[0m[0m
[0m[0m  [0m[0m[1m[31m>[0m[0m [0m[0m[1m194 â”‚ [0m[0m [0m[0m [0m[0m [0m[0m [0m[0m [0m[0m [0m[0m [0m[0m [0m[0m [0m[0m [0m[0m}[0m[0m [0m[0me[0m[0ml[0m[0ms[0m[0me[0m[0m [0m[0mi[0m[0mf[0m[0m [0m[0m([0m[0mo[0m[0mp[0m[0me[0m[0mn[0m[0m)[0m[0m [0m[0m{[0m[0m
[0m[0m  [0m[0m [0m[0m [0m[0m [0m[0m[1m   â”‚ [0m[0m [0m[0m [0m[0m [0m[0m [0m[0m [0m[0m [0m[0m [0m[0m [0m[0m [0m[0m [0m[0m [0m[0m [0m[0m [0m[0m [0m[0m [0m[0m [0m[0m [0m[0m [0m[0m [0m[0m [0m[0m [0m[0m[1m[31m^[0m[0m[1m[31m^[0m[0m[1m[31m^[0m[0m[1m[31m^[0m[0m
[0m[0m  [0m[0m  [0m[0m[1m195 â”‚ [0m[0m [0m[0m [0m[0m [0m[0m [0m[0m [0m[0m [0m[0m [0m[0m [0m[0m [0m[0m [0m[0m [0m[0m [0m[0ms[0m[0me[0m[0mt[0m[0mO[0m[0mp[0m[0me[0m[0mn[0m[0m([0m[0mf[0m[0ma[0m[0ml[0m[0ms[0m[0me[0m[0m)[0m[0m;[0m[0m
[0m[0m  [0m[0m  [0m[0m[1m196 â”‚ [0m[0m [0m[0m [0m[0m [0m[0m [0m[0m [0m[0m [0m[0m [0m[0m [0m[0m [0m[0m [0m[0m}[0m[0m
[0m[0m  [0m[0m
[0m
[0m[34mChecked [0m[0m[34m57[0m[0m[34m [0m[0m[34mfiles[0m[0m[34m in [0m[0m[34m36[0m[0m[2m[34mms[0m[0m[34m.[0m[0m[34m No fixes applied.[0m[0m
[0m[0m[31mFound [0m[0m[31m7[0m[0m[31m errors.[0m
[0mcheck[0m[0m [0m[0mâ”â”â”â”â”â”â”â”â”â”â”â”â”â”â”â”â”â”â”â”â”â”â”â”â”â”â”â”â”â”â”â”â”â”â”â”â”â”â”â”â”â”â”â”â”â”â”â”â”â”â”â”â”â”â”â”â”â”â”â”â”â”â”â”â”â”â”â”â”â”â”â”â”â”â”â”â”â”â”â”â”â”â”â”â”â”â”â”â”â”â”â”â”â”[0m[0m

[0m[0m  [0m[0m[1m[31mâœ–[0m[0m [0m[0m[31mSome [0m[0m[1m[31merrors[0m[0m[31m were emitted while [0m[0m[1m[31mrunning checks[0m[0m[31m.[0m[0m
[0m[0m  [0m[0m
[0m
[1G[0K\[1G[0K[1mnpm[22m [31merror[39m Lifecycle script `lint` failed with error:
[1G[0K\[1G[0K[1mnpm[22m [31merror[39m [94mcode[39m [33m1[39m
[1G[0K\[1G[0K[1mnpm[22m [31merror[39m [94mpath[39m /Users/xhurianshaba/Development/work/panacea.web/packages/ui/web
[1G[0K\[1G[0K[1mnpm[22m [31merror[39m [94mworkspace[39m @zennui/web@0.0.1
[1G[0K\[1G[0K[1mnpm[22m [31merror[39m [94mlocation[39m /Users/xhurianshaba/Development/work/panacea.web/packages/ui/web
[1G[0K\[1G[0K[1mnpm[22m [31merror[39m command failed
[1G[0K\[1G[0K[1mnpm[22m [31merror[39m [94mcommand[39m sh -c biome check --fix --unsafe .
[1G[0K\[1G[0K
